<?xml version="1.0" encoding="UTF-8"?>
<!-- Generated by org.testng.reporters.JUnitReportReporter -->
<testsuite skipped="0" hostname="LAPTOP-1IPAD3CB" name="tests.GestureToolButtonTest" tests="2" failures="0" timestamp="2020-02-08T22:49:10 CST" time="3.056" errors="0">
  <testcase name="test2FindElements" time="0.125" classname="tests.GestureToolButtonTest"/>
  <system-out/>
  <testcase name="test1FindElement" time="2.931" classname="tests.GestureToolButtonTest"/>
  <system-out/>
</testsuite> <!-- tests.GestureToolButtonTest -->
