<?xml version="1.0" encoding="UTF-8"?>
<!-- Generated by org.testng.reporters.JUnitReportReporter -->
<testsuite skipped="0" hostname="LAPTOP-1IPAD3CB" name="tests.UiSelectorTest" tests="1" failures="0" timestamp="2020-02-09T20:31:33 CST" time="43.005" errors="0">
  <testcase name="f" time="43.005" classname="tests.UiSelectorTest"/>
  <system-out/>
</testsuite> <!-- tests.UiSelectorTest -->
