<?xml version="1.0" encoding="UTF-8"?>
<!-- Generated by org.testng.reporters.JUnitReportReporter -->
<testsuite skipped="0" hostname="LAPTOP-1IPAD3CB" name="tests.GestureToolButtonTest" tests="1" failures="0" timestamp="2020-02-07T15:15:51 CST" time="34.454" errors="0">
  <testcase name="findElements" time="34.454" classname="tests.GestureToolButtonTest"/>
  <system-out/>
</testsuite> <!-- tests.GestureToolButtonTest -->
