<?xml version="1.0" encoding="UTF-8"?>
<!-- Generated by org.testng.reporters.JUnitReportReporter -->
<testsuite skipped="0" hostname="LAPTOP-1IPAD3CB" name="tests.WebElements_Inside_WebElement" tests="1" failures="0" timestamp="2020-02-10T21:35:30 CST" time="19.545" errors="0">
  <testcase name="f" time="19.545" classname="tests.WebElements_Inside_WebElement"/>
  <system-out/>
</testsuite> <!-- tests.WebElements_Inside_WebElement -->
