<?xml version="1.0" encoding="UTF-8"?>
<!-- Generated by org.testng.reporters.JUnitReportReporter -->
<testsuite skipped="0" hostname="LAPTOP-1IPAD3CB" name="tests.MobileCalculatorTest" tests="1" failures="0" timestamp="2020-02-01T15:20:35 CST" time="25.460" errors="0">
  <testcase name="mobileCalculatorExampleTest" time="25.460" classname="tests.MobileCalculatorTest"/>
  <system-out/>
</testsuite> <!-- tests.MobileCalculatorTest -->
