<?xml version="1.0" encoding="UTF-8"?>
<!-- Generated by org.testng.reporters.JUnitReportReporter -->
<testsuite skipped="0" hostname="LAPTOP-1IPAD3CB" name="tests.FindElementsTest" tests="1" failures="0" timestamp="2020-02-09T15:19:42 CST" time="28.255" errors="0">
  <testcase name="f" time="28.255" classname="tests.FindElementsTest"/>
  <system-out/>
</testsuite> <!-- tests.FindElementsTest -->
